  Utils.cpp
  Triangle.cpp
  Spline.cpp
d:\users\emerick lecomte\mes documents\github\mathproject-thematic\coons\coons\spline.cpp(59): warning C4244: '=' : conversion de 'double' en 'float', perte possible de données
d:\users\emerick lecomte\mes documents\github\mathproject-thematic\coons\coons\spline.cpp(60): warning C4244: '=' : conversion de 'double' en 'float', perte possible de données
d:\users\emerick lecomte\mes documents\github\mathproject-thematic\coons\coons\spline.cpp(76): warning C4244: '=' : conversion de 'double' en 'float', perte possible de données
d:\users\emerick lecomte\mes documents\github\mathproject-thematic\coons\coons\spline.cpp(77): warning C4244: '=' : conversion de 'double' en 'float', perte possible de données
  Shape.cpp
d:\users\emerick lecomte\mes documents\github\mathproject-thematic\coons\coons\shape.cpp(7): warning C4018: '<' : incompatibilité signed/unsigned
  Main.cpp
d:\users\emerick lecomte\mes documents\github\mathproject-thematic\coons\coons\main.cpp(75): warning C4244: '+=' : conversion de 'double' en 'float', perte possible de données
d:\users\emerick lecomte\mes documents\github\mathproject-thematic\coons\coons\main.cpp(86): warning C4244: 'argument' : conversion de 'double' en 'float', perte possible de données
d:\users\emerick lecomte\mes documents\github\mathproject-thematic\coons\coons\main.cpp(87): warning C4244: 'argument' : conversion de 'double' en 'float', perte possible de données
d:\users\emerick lecomte\mes documents\github\mathproject-thematic\coons\coons\main.cpp(114): warning C4018: '<' : incompatibilité signed/unsigned
d:\users\emerick lecomte\mes documents\github\mathproject-thematic\coons\coons\main.cpp(196): warning C4551: liste d'arguments manquante dans l'appel de fonction
  Landmark.cpp
  Face.cpp
  Camera.cpp
  Génération de code en cours...
LINK : warning LNK4098: conflit entre la bibliothÞque par dÚfaut 'LIBCMT' et les autres bibliothÞquesá; utilisez /NODEFAULTLIB:library
LINK : warning LNK4098: conflit entre la bibliothÞque par dÚfaut 'MSVCRT' et les autres bibliothÞquesá; utilisez /NODEFAULTLIB:library
glew32s.lib(glew.obj) : warning LNK4099: PDB 'vc120.pdb' n'a pu Ûtre trouvÚ avec 'glew32s.lib(glew.obj)' ou sur 'D:\Users\Emerick Lecomte\Mes documents\GitHub\MathProject-Thematic\Coons\Debug\vc120.pdb'á; l'objet sera liÚ sans informations de dÚbogage
  Coons.vcxproj -> D:\Users\Emerick Lecomte\Mes documents\GitHub\MathProject-Thematic\Coons\Debug\Coons.exe
  Coons.vcxproj -> D:\Users\Emerick Lecomte\Mes documents\GitHub\MathProject-Thematic\Coons\Debug\Coons.pdb (Partial PDB)
